cnf/lst/csi-wpb-utl.include.lst
cnf/lst/csi-wpb-utl.exclude.lst
cnf/lst/csi-wpb-utl.include.lst
cnf/lst/.exclude.lst
cnf/lst/csi-wpb-utl.include.lst
cnf/lst/.include.lst
cnf/lst/kdm-wpb-utl.include.lst
cnf/lst/sync-projects.lst
cnf/projects.lst
cnf/.vscode/settings.json
dat/log/bash/csi-wpb-utl.20240402.log
dat/log/bash/csi-wpb-utl.20240722.log
dat/log/bash/csi-wpb-utl.20240723.log
dat/nginx/default.conf
dat/nginx/nginx.conf
doc/md/csi-wpb/csi-wpb-ISG.md
doc/md/csi-wpb/db-adminer-setup.md
doc/pdf/csi-wpb-inf-isg.pdf
doc/pdf/csi-wpb-inf-mog.pdf
.git/COMMIT_EDITMSG
.git/config
.git/description
.git/FETCH_HEAD
.git/HEAD
.git/hooks/applypatch-msg.sample
.git/hooks/commit-msg.sample
.git/hooks/fsmonitor-watchman.sample
.git/hooks/post-update.sample
.git/hooks/pre-applypatch.sample
.git/hooks/pre-commit.sample
.git/hooks/pre-merge-commit.sample
.git/hooks/prepare-commit-msg.sample
.git/hooks/pre-push.sample
.git/hooks/pre-rebase.sample
.git/hooks/pre-receive.sample
.git/hooks/push-to-checkout.sample
.git/hooks/update.sample
.gitignore
.git/index
.git/info/exclude
.git/logs/HEAD
.git/logs/refs/heads/master
.git/logs/refs/remotes/origin/HEAD
.git/logs/refs/remotes/origin/master
.git/objects/00/07a7d7ede9a5410e10c737c98f5a7103e9514b
.git/objects/01/02ee5492ef929526fdb44368355dba962c6c8c
.git/objects/01/2e280497220fba82f4600a7669cabec0472c8d
.git/objects/01/f5552818f1a7c9681f29c57a39e162d551c686
.git/objects/02/19063eb1c64e00a3ecb794bf090b907527cda0
.git/objects/02/2c0d9d5789d31bcc9b34546826a02f28eb2f4b
.git/objects/02/cfea6eeaab786fd9a1da022645d2c9a432cd17
.git/objects/03/50e06cbc5d2e880d5cb5e25a7bb1e83912d2c0
.git/objects/03/8a1e462b5f6dc82500aa5a3a71ea0da54b3630
.git/objects/03/bbebb0465349049f827deabad1e30a72f2de0c
.git/objects/04/2213ec188f5346aee90df88de0071e84e4b707
.git/objects/04/4cdc9af80be4e0ee3cb6358b1a701446112d00
.git/objects/04/d6ed87ca8238482bbed4e8aaceadf778936e2a
.git/objects/05/d9755b9f11293800e1428d6c54e1a3ad348ac9
.git/objects/06/cf0bdc4d10f64441c094f78d15205bbd534955
.git/objects/07/7eb067ff14ab94349cfeed9d49d0d8ae8a58b2
.git/objects/07/bda8ef428d346413f4866657948d4e649a5fc6
.git/objects/08/5ff1f459347b5709a59f842cfbdbcedbc15bed
.git/objects/09/b8166188ec8e14368d1555c70888274e7d894b
.git/objects/09/e944f98fe0bc07dedf0f2bbc47d42a5b9ca9d5
.git/objects/0b/c66f7415218c51fb4cebdee5a434b900306a8a
.git/objects/0c/c0d081dd9411768e6a7830c9ef64a662bd50ad
.git/objects/0c/c8b33a31fffc8f6d7323cbaee2c03eefeda4ce
.git/objects/0e/86e64e502bbf41d0d4f14c4f383e6eed5d7cbe
.git/objects/0e/a612ed073fa7f4cf8219315735ebc2f953301c
.git/objects/0f/40c5559ad262c7a2d8f7f3a2bdbca01a29875a
.git/objects/10/48a97ee5ff75c79601303cb4eb6764b59632f3
.git/objects/11/520e6855bcaf318be5eeaa3fa3ee300c4dbbee
.git/objects/11/85363214deedefc0438be66bed8f7c8fd9b928
.git/objects/13/56ef6198c2be973a4972c305337a2060e6c029
.git/objects/14/4487371e401b0ba04d8a1f1de986808eef8735
.git/objects/14/7b5566aef6d491b910e8e50d7844222126d9e2
.git/objects/15/160ec3e741950adecc4463aa116a6fc511640b
.git/objects/15/3c03c2b063424075ea37075ef4b0da05f278de
.git/objects/15/b0c938d380d04eb89d9dde01e337ed26f39058
.git/objects/16/002304fede2ac9f47392e83e2762a9b2fc0ef4
.git/objects/17/c2c35a587512e0a07c4bfc71820c6d47910f8a
.git/objects/18/5efdcee4e654e9d0117ea318529f19eea41914
.git/objects/19/04ba744b914f31412da321324cee64ff437621
.git/objects/19/0dd065faa74c554e1cb4c9daa1fdf96e04a8a2
.git/objects/1a/c69505dbe0930459987066a9eb2e546b9c1cb2
.git/objects/1b/47445da099b59e2eea11f46f472e59fabbca89
.git/objects/1b/e0239912c1390cda2a52392c7d12b5c4c216f1
.git/objects/1c/e6d4a8a17e980ebf308d7cfdb26e32027f9f49
.git/objects/1d/2ff9664b98731afefa581930a7fa545c59afb2
.git/objects/1d/df28254220b7be47f43b1d98f00b9b4e2e73e0
.git/objects/1e/2dd4ba0958bb3b654066c93d198dda01ece309
.git/objects/1e/67fc193605971346d951de3210446648859e16
.git/objects/1f/06c8b333a3b68a19ac85620af8f9193c72aea4
.git/objects/1f/169de5e75b5562731a7ae534cbc90fa203e36f
.git/objects/20/d33c9a5d89b6d45c504a01bc0f07deef5c0f61
.git/objects/23/f384f97ebab44bdac547c600a105bd35cc67fe
.git/objects/24/f636bdd65dd642491560898992f9b04f0bb968
.git/objects/26/da214cbdcb98e4d8e2cb5aa8681c87f6ec28a4
.git/objects/27/f807a3530dcd9ea1a494f95d4c8d2309feb652
.git/objects/27/fdb147ad570148351fd4b79a5c8bddc1690939
.git/objects/29/83761bdacb2bbccd2323ecbebba18102615859
.git/objects/29/a0afbe718c129ed638b2824b260dce93ede1a6
.git/objects/2c/1f579ab409d79306142fa5de81d4e2825ce1c0
.git/objects/2e/3e1ef38cc6bd10753b6f49493d8cfd7a47cd89
.git/objects/2f/9e42c3252df1f4978589ef10dee0fb3f3574aa
.git/objects/2f/e61f4d988fa5b58a7dbd0aa3198a55cc7f0acd
.git/objects/30/750dad76a6f0bea5c41e950544b8611962d5cc
.git/objects/31/1fe007986669089a4eac94016c823725353887
.git/objects/31/6f541b3aa123bdb185ba3ff2718896ec1bbe16
.git/objects/31/7f4a5af261588a9345b2604e42c8a857cc71fc
.git/objects/33/1e76d42ac3b2e48e8d3c4c2d6eebf5bd56c713
.git/objects/34/57c22a61cafa597dd216c8f0a8b73a67e86950
.git/objects/35/2e224f95ccd77c042d4f890be918ee8dd3eff0
.git/objects/35/3e43b3cf8a8b5d7e9f173d2ee1c56b6e4ca10b
.git/objects/35/44aea36c9abfeeb48db19cd22877e3e563b5b3
.git/objects/35/599f4de472b9cc7d472002e68c7125f9876ebd
.git/objects/35/e08959421ba5de1eec3a536a54f309441ad5e9
.git/objects/36/1087bdfbeff87845e952f25664bef3f2c4ecb0
.git/objects/36/1b2c64d4d95d5af0d5bb5db79f8b75bd6e57ee
.git/objects/36/83b2f77936cb2d7ab0abedd9f52aad1ef7d00a
.git/objects/37/d5a30c6cd8d9ee32c3120f1cd5cded24ce9b5c
.git/objects/38/77569a13ec9f35b52bebdbf2dc216497e23e19
.git/objects/38/9a1b0d99989a851603ffe1559e9ae1d3841ee2
.git/objects/38/b18b94aa2c183e6a57ff7ca6b0b679da481fa2
.git/objects/39/5a674aebbb21230f0ad6d038fdc020d879d870
.git/objects/39/7f5e655283204918a3d351fb0b21a96eeffbe1
.git/objects/39/9f44630c710c02f9631b139d1cb1b15517a26d
.git/objects/39/abe6e4d04ca81f5d6d096ee9907bc2e3a1eba8
.git/objects/39/ecdb893b92117efb9faf54ddb217cb21deb08b
.git/objects/3a/2ffbb22d64037f09b2bc138c7ca6d0c4db6816
.git/objects/3a/f5d65ef26f52ac6d5f26661bc6f6a5194983eb
.git/objects/3b/0b34dd11a284d8bd4934c17937faa23bf7cb29
.git/objects/3b/55b7790877946708df28625296b89f2198ce84
.git/objects/3c/23597ec3d92f1ad86c313f7d9d6cebe87b1ce1
.git/objects/3c/5b315443dc5a27d4d46e84c63c66d0472818b3
.git/objects/3d/408a71c8ab8178350267d1bdf6e68430e911fc
.git/objects/3d/fd08c0ae79106daac6b14952c7efa3b1e6b528
.git/objects/3e/0b2a597c35bbc4f78c8fbc57742e2daf5af28e
.git/objects/3e/1d0861742f7da7668f0c4ac3694f2a3e727e0a
.git/objects/3e/2da1134d429e384a25004700602e7eef55b257
.git/objects/3f/5cf19c3fe3c24599b78ec13809f71559f4d781
.git/objects/3f/886d7c4e7b3028ddc411b11ffef914b91560f2
.git/objects/3f/d2d1b339c5d7d40543ac9b04440e2403b586c0
.git/objects/40/4a675cd9e686c80033e6a4f31e9d344ef8e28e
.git/objects/40/9fdbff623411acba909bd7c63bbbdb9e998391
.git/objects/41/1a61f9d5d64a4d4aa449b18d2e2d1bb161ff1c
.git/objects/42/4836c28e595db08fd6d5cab25c03686d08c0d0
.git/objects/42/b591296ddfc2a7fed633700df90f27cb14fdd5
.git/objects/45/0ac5c7eb3fe0d93bd04188820d4361bdeeac89
.git/objects/45/b50333557969c7c88fdf5a29073227ddde747f
.git/objects/45/e55c180f1a97f46cdf344c9c8f18642c88cae6
.git/objects/46/147d01716dbe12cf41e3ae3cff0ae3a31cbe37
.git/objects/46/3345b522d9ba2ffb5c8804d7a8f362b830656a
.git/objects/46/50e81981adab63530b777594a8676bba645f97
.git/objects/46/8b37af93add31863df53481368dbc1f3ad57f3
.git/objects/47/3f417d69d31fa38036c03fd6993ded51b13838
.git/objects/47/77976169f6f2070059f4ba43944dc86bcf61b8
.git/objects/48/d510f3f84d12577cd61d74094851280c463614
.git/objects/48/ffcc1e09141fb5bb010676053dfed7988f7a96
.git/objects/49/1a2e2f7c6a85371bb8eb02689898c6ba806839
.git/objects/49/69ff047e6271e7b13b2f9c4319cd5a9c065529
.git/objects/49/a8f0f822c20eb5592bb48dd505ba7e647a40ce
.git/objects/4a/21249312ca185d13accc67a8dafe5e7728b3ae
.git/objects/4a/30d8a7eb55109dabf5eb43ba2a7b48fe37df2b
.git/objects/4a/973579fb2c75e570dcdda06daff82ca290936d
.git/objects/4b/fbcdac9a5b38ea937178e790728b0c05adbb0f
.git/objects/4c/88b21089f3ddd506c952a1a9400008d21dd50e
.git/objects/4c/93682d26a47078e4ff6227cc7201c9cfc48303
.git/objects/4e/725dbdf9dc2bf8d6b3869e2fd802efb0c1871c
.git/objects/4f/12be879ca736a2e295c201f96a5738a6ad307d
.git/objects/4f/232dd39a2e234f8d6e9e7cf96c8392e2a821e0
.git/objects/50/08c47182b4739154845ad9d58327e0a6f60b8c
.git/objects/50/f5d7cb6ad0b6f270864285c03a1ac2add8bea3
.git/objects/51/32af4a9503477a0d83bd11dfb1eebc49f46f6e
.git/objects/51/33fb1df5956abca9634658646f0a16733d91e0
.git/objects/52/1b70eb2243c115cf8b82934f4d3a139503db7c
.git/objects/52/41dd71a9e6a40868f738d6759c81c98f685cba
.git/objects/52/9bcd152eff0b90c896a237e26f45fe2cec72c3
.git/objects/52/f6517c32977bc0fc33e42633d4e2093f3d0824
.git/objects/54/412cef815cdbc0fe7f6a633c6ff506f3371a69
.git/objects/54/8cb241a59a00b6bf9c61cf8684ca8b9d3443db
.git/objects/56/2cc31fea5c32028b1736df177e554542886803
.git/objects/57/0a3bb543ba755b606848ffc769eba97edf1e03
.git/objects/57/187893ad4750bf6bf8cc196885117368a06d2a
.git/objects/57/8b8e28d7ceb71fbe619a73b3adfc9fb481a8ca
.git/objects/58/42c0c5c461edb2a59086e112664ddd675171db
.git/objects/58/9c8864d67294800f7991ed231fb10fe3e75f39
.git/objects/58/9d1f4982c5ada1eae6442e244846adbb85a13b
.git/objects/59/6faa98d6304e5823493cd88152e1235afc26c7
.git/objects/5b/11942717641507bcde64007e6c052ee29f1290
.git/objects/5b/24a3629e0561d9823d9cd894ff6706d0fb6812
.git/objects/5b/97ed19f22214e236a7f53360885acb4525474e
.git/objects/5c/de04f4ac9a42d1bdd02e26835032d16121805c
.git/objects/5d/6dc93e9309568c33cb1963425c8fee8de7986a
.git/objects/5d/be34508c442d744b6d1928ad28fa728f6eff6d
.git/objects/5e/09c96c4182ad87bb09317da229b0e012764289
.git/objects/5e/dcd705fc7d2b37d87d74fd33d403e4718cd522
.git/objects/5f/f257bc210b93572a38b6cff03ec5bedeb52f0e
.git/objects/60/776f1753d6dcede2b3ec9964eea85e4d9243d8
.git/objects/61/50b5e4d7605d993376393d09e0a94c83c41183
.git/objects/61/53121a50202f867f6988d070b33e35a8868430
.git/objects/61/581bcfb69cd522eba707a1e24b5a81be9ba3ef
.git/objects/61/d97e344897f5a2110a21335280ffea21fa3cc0
.git/objects/62/5849a53c6fd9e42638ebfae4343b17744a5e09
.git/objects/63/9477d82b25856519f18d94b977c22e7f054106
.git/objects/64/1aed5dd558f25a41fd0cb0f44e927148211009
.git/objects/66/35fb92ee7745bd80c9e81ed83b3b1567c2bb19
.git/objects/66/929cc327856a4b1d54c2eef5eb7ae22a1b1903
.git/objects/67/26be60b0035e91c9c98b9ea2dbea90f22d728a
.git/objects/67/422666b84fc725810194483105f80aed9f0918
.git/objects/67/54af451715d49e6a7e6affe09987767a785125
.git/objects/67/5bb3478293c9d01f2437e9f34a8754728c3e5e
.git/objects/67/f7aa4ec45ea70dcfe846f864a0631af3c1bb1a
.git/objects/69/c11399949b0a3975b2d1a0cd40e4dbd19b2265
.git/objects/6a/3966d9454c22544ea67443f9023412e8d312c4
.git/objects/6b/9dd941b6fda80f10a8b2ccbbd976240bc4075b
.git/objects/6c/93431ed13697ed3adce92ed773f4e15590bba0
.git/objects/6c/f005ff1363af34a9bb175edb929a516e958316
.git/objects/6e/15b2c0b2a5eba08566163478c119661c3176fb
.git/objects/6e/3bb1937eb25baa9b0b009814ba3b751452ab09
.git/objects/6f/a8517b70e3ee8649e541378e8dc1049dd928a4
.git/objects/70/e4f933b14abe2eb92aaa6958a9967f2a373a65
.git/objects/71/8410d99dc701059a6858f1dc653eedcb922dca
.git/objects/75/1a8ebd92226a14840c56a1394fe45056b251fa
.git/objects/75/8b368f943929acd9a3036d961d91c61faffd41
.git/objects/75/bf9c79b16123ba0c72edf067a0f07fa12c64f6
.git/objects/7a/1ae1e8c09eb0151ee6e25839569a8128836cd0
.git/objects/7a/215a67a924af5bc94b4e59fb55b756b71831d8
.git/objects/7a/5a3c1961b7afbf484a65e4e7bd75d0d4cb5b07
.git/objects/7a/81c8e2b884a958c3427413793696a17a70c50c
.git/objects/7c/672dc0f69c4a84d6ddfeb64e1605410437776a
.git/objects/7d/333e84700769cde80ecf3c2a534ee20cf5d865
.git/objects/7f/2cde0c04fde17c739245e22b6410ec419e02b2
.git/objects/7f/63b8794658eb64ce0a4ae0e2e1d17b299d68ad
.git/objects/80/202e6656af947359c85ede65e66b732d30fd31
.git/objects/80/69a21301b9f101ffac4cc40ce2b6f0334b4bb3
.git/objects/82/1a20a1d4cb81f4764afecf3fc8cc2d64d21e51
.git/objects/83/238a25b19d9fb90a08a0f559f64eb5ce5e2518
.git/objects/83/7450fc4f3891adf0e390df831cd3f2ff69b08b
.git/objects/83/ff223d82640275e0aaacbd037b9c57e3389362
.git/objects/85/9a51d323a6cad7564a95e0ca962f5915735fc1
.git/objects/86/3f27a097e49c0ef1e7547dae78a54bfb1cf3a7
.git/objects/86/fcee7e666b2e87c0ac65014ad71cf9bc830081
.git/objects/87/c4eb64014d87253444ced8ff0d9dfc194dc790
.git/objects/88/63b8b0deb4d96f408eca4b958dd405307ec13b
.git/objects/88/ace0eea60102687991a6b8406850aedeb8a77e
.git/objects/8b/992dde9021661058742cd9c087bec5b4ef143b
.git/objects/8b/e4e4572825278607a5504469771812cf3d72ea
.git/objects/8b/f65878f74b18d8523f1f1c9c5722d55a53d2c7
.git/objects/8c/10d106d396e2829fb4ee22ff0b1e5801380930
.git/objects/8c/9392757fcedeea37ae99d40b7c6e5bea57dc42
.git/objects/8d/5a393e615b4ea72de8f55f9a3d2e168b11ae5a
.git/objects/8e/56c7f8c60b9e9020687fb066287447bb17b45a
.git/objects/8e/63f23ad5810eb28e47a307b1e20f662088f68d
.git/objects/8f/1b1a088f28de4e4d04b01261e78274b313b7c8
.git/objects/8f/cdcd15087025f089eeffbcc392f416bd6cfceb
.git/objects/91/e5b057a0651aa1938e9eee7773da12fb058b7d
.git/objects/92/53c7d53b663b9047a27b28380859e7d7012e0a
.git/objects/92/a43ce97deaedd5f5c4f34530d5603f7fe35c18
.git/objects/92/e56f7c23d8e3003f7d1989e7a942cc68848253
.git/objects/93/3889a25f823b34b972c4bd75bb2cceeba88ef0
.git/objects/94/8d2f5f81d2d3105c4b4a7246840a429b50bfde
.git/objects/95/24051d37cc1c8ec597269213e8a3e0ecf87161
.git/objects/96/2fa4004447ee48a4c0ddc33419ff12819192ff
.git/objects/96/76fbd4152011157efaf2189fbdc13a4673cc53
.git/objects/96/ffc8ee3a71b6eb4903305c84bea3f59b829876
.git/objects/97/3c4f26e88591bf416d8e21f0d3f4a301995777
.git/objects/97/4165d811ca1d3f82c740c554d6371f1f71f259
.git/objects/97/d88239d7eaf98c8699decdf4fc4d9a2bf97caa
.git/objects/99/57b633ed3a3f67ef3021a5cea27bffb8324b69
.git/objects/9a/5a588a8492980f678dcf24446f967300f667d7
.git/objects/9b/4a25cbf158b47a8803c92f219a3b4406046dac
.git/objects/9b/fc301577e6282ab2b1023983e4586780d97913
.git/objects/9c/26567cc718a0ffa88d4baa0abd3606fb0b6144
.git/objects/9c/ab1745b049c71e5a0fcf22702c589b080a52cc
.git/objects/9d/0bf914bf9a62796a647d0f6028cb543ea3bdb1
.git/objects/9d/b9b3c6deb8b8a575a12fb093d847d342b00916
.git/objects/9e/5f1c8bf9a532ad64086962dff4aa9f448ce1a0
.git/objects/9e/97c559053edb20ece2e0ef81d8ea0348246079
.git/objects/9f/7e69094dd64143b02619be2c5bc3a5333c64a9
.git/objects/a0/1d0fbb83cb1092a6999f24c64232b1fa325b3e
.git/objects/a0/37cbaaf98254ad432885dd5797864adb87f4e9
.git/objects/a0/4901f8ae4d7e670643c26b5e48456179c92d41
.git/objects/a0/897d34670c3c8375289c97e5426ac12f6bd60d
.git/objects/a0/dbd5495bf62e586994935ef9279f7b4d6e25d2
.git/objects/a2/e75aa2b3dabb3c8db7f71321ddcad885a0836b
.git/objects/a4/6d2e326f7f55eb267274a2958e461d730ae3a8
.git/objects/a5/344aa267910489e58d6e162cca11cbd9a76055
.git/objects/a7/66ee9bd8e0ab8b8fba04169cd268998d2af351
.git/objects/a7/7723040ac1d15239966d500e9b5450dba3ba65
.git/objects/a8/8c1cc7cf0854cc9a80c03afbfff044ca9d001d
.git/objects/a8/def2563d6a40d7a38bca5998b35c2f55ae6e12
.git/objects/a9/d5873f78ef836cac5e80dd5c591a3e70c2ebee
.git/objects/ab/1bf4bf1df574ff052c43bd85302abf4891295c
.git/objects/ab/6ba3a4dbfe6aceb9b7bed92656c3739ce18567
.git/objects/ac/15363c1fbd5ca9fe49e6962926e8e6c8fb56fe
.git/objects/ac/26e644847a82e7e57c642e5e5715356062bea8
.git/objects/ac/e41dd600341db2d68a41454efa90e51252aa59
.git/objects/ad/96b528d275936c554a39188d699c02c1060b3d
.git/objects/ae/29f260cef2ca1fbc71ceadd78e691183462568
.git/objects/ae/d7507d6eb4f0739cf77087a758e8fcc1b12384
.git/objects/af/24823ce6a2a198660f5346de7107c0ccc649dc
.git/objects/af/be8305c9ef31f33c25712d5ef036b0ca0f6368
.git/objects/b0/4f09bdbb2778bab18d5ec85f08ab4bc01cec52
.git/objects/b2/731fed07577a4353427dd957e2266cf09c1617
.git/objects/b2/8671fbce219db105713a10f6da9214cfe341ed
.git/objects/b2/e98e7032db9bbf0a438d4e9141e77c2848ab74
.git/objects/b3/4b68617252b75d2d2d3723c4a3423d3d880646
.git/objects/b5/4e684d32f9167e16049b62f22b053562e36a45
.git/objects/b5/87a7f84fe4ad2f499220307b88ebe0dde816d6
.git/objects/b5/9849741dc2cbf57c25509287e69b8d2814a1a0
.git/objects/b6/040febd8ac4a707e7c776e00d464a4bc58ee5e
.git/objects/b6/14866df339f181906893a51c7602ab8e902a1d
.git/objects/b6/34357fc9c42a18ffbed7bcba1e360b7b128860
.git/objects/b6/444d80a8017d5174ebdcacadf3b7ed4b85cd13
.git/objects/b7/041d3b5f6909254e2834b6d7fd42e324565b69
.git/objects/b7/ce9abf5452c608da5411fce2f67935000af51a
.git/objects/b8/0850c27a2188726a89b416814e6a29c9ebfee4
.git/objects/b8/3a89f557f18d90a77de3a11941faae808b3672
.git/objects/b8/c92f9fd042d445aac2a25f10a7b40c435d2437
.git/objects/b8/e4edc51f744be1fba8f47c8dcf3cb08211b14a
.git/objects/ba/278717fe80bafcf90f64c2d639ee1749604219
.git/objects/ba/2f0708c734997e024c71c1d8eea34dc8c8b406
.git/objects/ba/333d125b2145bfe88ad9ea9c0a9367691073c2
.git/objects/bb/f31c10004545dca997c2ddb29d8c62890d28c3
.git/objects/bf/8ad3979d3fd172fedab7ba9b4d5ce147d3d84c
.git/objects/c2/12b7b1f9b732f412e723ff069032908606910f
.git/objects/c4/139926979b98cfc3e4ecc690a59cb8bdc95c79
.git/objects/c4/320a1145bd0065322a42b308260f90fa477df3
.git/objects/c4/464c265e4d853e3e36e1f8c7aafd6a800d8265
.git/objects/c4/9c9367ba028f923d338499199c2e79888bd087
.git/objects/c5/f3959696a6639a7ca18801f8e998bad2547766
.git/objects/c6/32500ac2f9bde90d40ba9b9d6c85d4c9de9f9e
.git/objects/c7/01d4118e64c7e9f272985bb27f660c1a9c9424
.git/objects/c7/cadb5db814ea6823da7f2ec4370c25ce70827c
.git/objects/c9/a7ff67e2d0d71e1829631d8983f6015bdc91a5
.git/objects/ca/c2f1045dd62979a2c94592c960b8ffbe0eaa71
.git/objects/cb/4377c38967403f11fec9004af3a169e8db9769
.git/objects/ce/a9c5062cf741ee47eecaef4e8bd3bda8e284b1
.git/objects/cf/58e51340e3efeaa647bb64177b9af353353ced
.git/objects/cf/f13c10cfa66a52999b300cfa0e26f4d45741fc
.git/objects/d0/40c42c2932b9efa93e6961c72b23cb098c85fd
.git/objects/d0/9495496a9b944b610bd3b8f399a7731215d6ba
.git/objects/d1/33ba911b7bf80e96c0218b53e8ccc0a07482ed
.git/objects/d1/d28036cb0ecddefb01bdfca2974d4e0346d38f
.git/objects/d2/39ed7f2083270914521902f8812d72950796e4
.git/objects/d2/68843f7cbe77b532646003d0389cacf08b49da
.git/objects/d3/2cb84b5f3686cc888e00d30459019814de860e
.git/objects/d4/010b3dc2f565ce3c1704dce7a469b40e891384
.git/objects/d4/9e0a02fd24647d9d0883cf91caed90a6bd53be
.git/objects/d5/815041cb1e409d21433950fc17453b23f04e65
.git/objects/d5/fc4bd0255ff04230bf6781131768894775d7d4
.git/objects/d6/cca3550ae3c908fbf4fa7f0d3102f4b32bee7e
.git/objects/d7/99600444598832b7ff8d8ecfdf3e1a134db278
.git/objects/d7/a591e07e7b07e97b9791fc0565ab34418ea327
.git/objects/d7/e0b941d59077f0e2ec4fd63210a88317c443f1
.git/objects/d8/383d00bd45c51763e911b39bb3dc945544b335
.git/objects/d8/64fd62bbdc8726dbea6c892d46aa4be6407aea
.git/objects/d8/9c19da49e4d8fe4c3dead39ae4e1448998e981
.git/objects/d8/cbc3a9ef700ac2d80fa9fb5f0eb5c016f14500
.git/objects/d9/376915068f36628852a6ed0a53833d3e920dce
.git/objects/d9/72af2d6dae2f15229105c7de916c6d4f76ab8d
.git/objects/d9/c068f364f7f5ff96a6559b6362ef007485747d
.git/objects/da/8142eb0f8f836090cd301b7d0b2705ba74292f
.git/objects/db/1568151559dbd5f8e6f6188a1976d5f5c2dd46
.git/objects/dd/58f34e5a6023ed9105ae932af3f78e840c0fa6
.git/objects/e1/41c2208f3667e8acaae825a22c7fe1fd4e06f7
.git/objects/e1/4c6d6b45f43f7190780b2a820ec0912da805c9
.git/objects/e2/472438f31ffdc20c438e2027fb3ff90ac79d57
.git/objects/e3/f077d9ffd007d3fc0fb674374baaddfa05f4c7
.git/objects/e4/32f9f25a3bc4a2aaea3240a86fca69478b13dd
.git/objects/e5/7bc818e85a4add6150c77f1318b5dc3e58a7e2
.git/objects/e5/b4d350e6e41d5cf553930c6159a0db53f513de
.git/objects/e5/baaf82d5d6c27df752da54ee0b3138873d315f
.git/objects/e6/48621dd59ec1ffd9c8d6595b530eeb0c8376b9
.git/objects/e6/4bb0e020ac54202c2b222fcf987943df8e9f33
.git/objects/e6/f7cf8616be8d92ab264923103bf474259165cd
.git/objects/e7/23a08cbd9e4b418c85ef77f8342871366d20e9
.git/objects/e8/3c3449b21a1991ba1ffed72d9f59dd95eafeb8
.git/objects/e9/ff9e225a94a2ff966ab3da7491176da818413e
.git/objects/ea/219c2dbae380d28908004634352cba0e8c36b5
.git/objects/ea/2ba5b4002e770743e0950bbda9ecf5fa703419
.git/objects/ea/be596e6f06cf70b83da61f36b0ad72e658e4f7
.git/objects/eb/a8becd8bdd4872c39230311eaa69f8b1d3a1d3
.git/objects/ed/094a9bedd4834afd253451b9fef43372346502
.git/objects/ed/7cbc6f5d9cfc2be1e85b6232315939e0f053c1
.git/objects/ee/01246632f66aed25558a50564e1797ddf8ee49
.git/objects/ee/a3a33ccc912881d1f9549daecb98e640b97024
.git/objects/ef/3af8d4b06f8ba782f9cf47e08ebdc480e98259
.git/objects/f0/701b8924c7a8584e3d62cf3df01a4796ad9400
.git/objects/f0/9b6f27cae352700c696dc3ca52a4286e6ef1b8
.git/objects/f0/a8a5f0765f5ad82cb51709658fdfd5ce1f85e4
.git/objects/f1/0d8313f5400b219b10bce31926343ee1ed859b
.git/objects/f1/35a8a1e67d44b4305d5a876b4afa46fb137731
.git/objects/f1/e3831e0d3040b4e1d1dc3654b3843343e6ad94
.git/objects/f3/62e1c4dc75ee4c87951d0d9e78afb2f79557f8
.git/objects/f4/351189b844aa13864d5a18070d4dd8d06a965d
.git/objects/f7/0a9badc0f1a16c70cb8afb5e6730813ff66180
.git/objects/f7/71ac738988b6419f9ad6301c8b7c9011dc5075
.git/objects/f8/74afecd881e98a64c07a83898115600dd81a36
.git/objects/f9/8b491a9b6a11943ebd1e1d9395c507279bfc44
.git/objects/fa/17801726827969700d6ebde9b4112d3c4c73b6
.git/objects/fb/4e92d7ad555c4441b0553f357dc2cb31708b4b
.git/objects/fb/88ad7583da5f716842569770bc96d2eaec5e3a
.git/objects/fb/ff5f92ad10537dad6d06541e949d31513004cb
.git/objects/fc/2864fd336910357613bfe7b3dddf681f062aa0
.git/objects/fc/5a1273dfccba86cb8fdf23bc13bbde75d4ff83
.git/objects/fc/c40220fb49953d5f371bc47366d30e7d266129
.git/objects/fd/a83a0c3cb6bbed60a29cd712d9ebe42aea7b09
.git/objects/fd/acb5c142bc12411d609cafe65783ed7222669b
.git/objects/fe/d2d2bd5ab153c839d4a1d0dce9853a038b14d1
.git/objects/pack/pack-48ac153270517120dd38e823a860206ccd9d08e1.idx
.git/objects/pack/pack-48ac153270517120dd38e823a860206ccd9d08e1.pack
.git/ORIG_HEAD
.git/packed-refs
.git/refs/heads/master
.git/refs/remotes/origin/HEAD
.git/refs/remotes/origin/master
lib/bash/funcs/export-json-section-vars.func.sh
lib/bash/funcs/flush-screen.func.sh
lib/bash/funcs/mac-install-bins.func.sh
lib/bash/funcs/manjaro-install-bins.func.sh
lib/bash/funcs/morph-dir.func.sh
lib/bash/funcs/parse-ini-section-vars.func.sh
lib/bash/funcs/require-var.func.sh
lib/bash/funcs/resolve-dirname.func.sh
lib/bash/funcs/set-vars-on-alpine.func.sh
lib/bash/funcs/set-vars-on-debian.func.sh
lib/bash/funcs/set-vars-on-fedora.func.sh
lib/bash/funcs/set-vars-on-mac.func.sh
lib/bash/funcs/set-vars-on-manjaro.func.sh
lib/bash/funcs/set-vars-on-suse.func.sh
lib/bash/funcs/set-vars-on-ubuntu.func.sh
lib/bash/funcs/suse-install-bins.func.sh
lib/bash/funcs/test-helpers.sh
lib/bash/funcs/ubuntu-install-bins.func.sh
lib/bash/funcs/zip-me.func.sh
lib/make/demand-var.func.mk
lib/make/make-help.func.mk
lib/make/prune-docker-system.func.mk
lib/make/set-default-shell.mk
lib/make/zip-me.func.mk
Makefile
README.md
RELEASE.md
src/bash/run/arch-check-install-docker.func.sh
src/bash/run/broadcast-dir-from-bas.func.sh
src/bash/run/cat-files-for-ai.func.sh
src/bash/run/convert-md-to-pdf.func.sh
src/bash/run/create-gcp-project.func.sh
src/bash/run/debian-check-install-docker.func.sh
src/bash/run/export-all-dns-settings.func.sh
src/bash/run/gcp-remove-files-from-gs-found-in-web-host.func.sh
src/bash/run/gcp-sync-local-to-s3.func.sh
src/bash/run/gcp-sync-s3-to-local.func.sh
src/bash/run/gcp-sync-src-s3-to-tgt-s3.func.sh
src/bash/run/get-and-wirte-password-from-kdbx.func.sh
src/bash/run/get-and-write-password-from-kdbx.func.sh
src/bash/run/get-get-and-wirte-password-from-kdbx.func.sh
src/bash/run/get-val-from-kdbx.func.sh
src/bash/run/hello-world.func.sh
src/bash/run/help-to-history.func.sh
src/bash/run/morph-module.func.sh
src/bash/run/morph-path.func.sh
src/bash/run/morph-project.func.sh
src/bash/run/open-app-projects-in-tmux.func.sh
src/bash/run/print-usage.func.sh
src/bash/run/pull-all-app-repos.func.sh
src/bash/run/push-all-app-repos.func.sh
src/bash/run/remove-gcp-project.func.sh
src/bash/run/remove-old-gcp-s3-files.func.sh
src/bash/run/replicate-dir-from-bas.func.sh
src/bash/run/replicate-dir-to-bas.func.sh
src/bash/run/replicate-file-from-bas.func.sh
src/bash/run/replicate-file-to-bas.func.sh
src/bash/run/replicate-proj-from-bas.func.sh
src/bash/run/replicate-proj-to-bas.func.sh
src/bash/run/run.sh
src/bash/run/scan-to-list-file.func.sh
src/bash/run/set-captcha-secrets-to-remote.func.sh
src/bash/run/setup-php-adminer-connection.func.sh
src/bash/run/ssh-key-pair-gen.func.sh
src/bash/run/sync-wui-to-local-host.func.sh
src/bash/run/sync-wui-to-remote-host.func.sh
src/bash/run/ubuntu-check-install-docker.func.sh
src/bash/run/update-my-cnf-on-remote.func.sh
src/bash/run/zip-all-projects.func.sh
src/bash/run/zip-me-as-module.func.sh
src/bash/run/zip-oae-proj.func.sh
src/bash/scripts/commit-msg
src/bash/scripts/docker-init-conf-validator.sh
src/bash/scripts/docker-init-tf-runner.sh
src/bash/scripts/docker-init-tpl-gen.sh
src/bash/scripts/enable-www-data.sh
src/bash/scripts/git-pull-rebase-all.sh
src/bash/scripts/install-all-wp-plugins.sh
src/bash/scripts/start-wpp-dev.sh
src/docker/conf-validator/Dockerfile
src/docker/conf-validator/.dockerignore
src/docker/db/Dockerfile
src/docker/db/.env
src/docker/docker-compose-adminer.yaml
src/docker/docker-compose-infra.yaml
src/docker/docker-compose-wpp-local-dev-setup copy.yaml
src/docker/docker-compose-wpp-local-dev-setup.yaml
src/docker/.env
src/docker/.env.lde
src/docker/.env.ldv
src/docker/tf-runner/Dockerfile
src/docker/tf-runner/Dockerfile_old
src/docker/tf-runner/.dockerignore
src/docker/tpl-gen/Dockerfile
src/docker/tpl-gen/.dockerignore
src/docker/wpp/Dockerfile
src/docker/wpp/.env
src/make/build-app-all.func.mk
src/make/docker-wrappers.func.mk
src/make/generate-config-for-step.func.mk
src/make/run-tpl-gen.func.mk
src/make/setup-app-inf.func.mk
src/make/setup-app-local-dev.func.mk
src/make/tf-tasks.func.mk
